Loading plugins phase: Elapsed time ==> 0s.596ms
<CYPRESSTAG name="CyDsfit arguments...">
cydsfit arguments: -.fdsnotice -.fdswarpdepfile=warp_dependencies.txt -.fdselabdepfile=elab_dependencies.txt -.fdsbldfile=generated_files.txt -.fdsreffile=referenced_files.txt -p C:\Users\Babur\Dropbox\projeler\GPS_old\Yazilim\cy8ckit\GPS_kit.cydsn\GPS_kit.cyprj -d CY8C4247AXI-M485 -s C:\Users\Babur\Dropbox\projeler\GPS_old\Yazilim\cy8ckit\GPS_kit.cydsn\Generated_Source\PSoC4 -- -yv2 -q10 -ygs -o2 -v3 -.fftcfgtype=LE
</CYPRESSTAG>
<CYPRESSTAG name="Design elaboration results...">
</CYPRESSTAG>
Elaboration phase: Elapsed time ==> 2s.758ms
<CYPRESSTAG name="HDL generation results...">
</CYPRESSTAG>
HDL generation phase: Elapsed time ==> 0s.055ms
<CYPRESSTAG name="Synthesis results...">

     | | | | | | |
   _________________
  -|               |-
  -|               |-
  -|               |-
  -|    CYPRESS    |-
  -|               |-
  -|               |-   Warp Verilog Synthesis Compiler: Version 6.3 IR 41
  -|               |-   Copyright (C) 1991-2001 Cypress Semiconductor
   |_______________|
     | | | | | | |

======================================================================
Compiling:  GPS_kit.v
Program  :   C:\Program Files (x86)\Cypress\PSoC Creator\4.1\PSoC Creator\warp\bin\warp.exe
Options  :    -yv2 -q10 -ygs -o2 -v3 -.fftcfgtype=LE -ya -.fftprj=C:\Users\Babur\Dropbox\projeler\GPS_old\Yazilim\cy8ckit\GPS_kit.cydsn\GPS_kit.cyprj -dcpsoc3 GPS_kit.v -verilog
======================================================================

======================================================================
Compiling:  GPS_kit.v
Program  :   C:\Program Files (x86)\Cypress\PSoC Creator\4.1\PSoC Creator\warp\bin\warp.exe
Options  :    -yv2 -q10 -ygs -o2 -v3 -.fftcfgtype=LE -ya -.fftprj=C:\Users\Babur\Dropbox\projeler\GPS_old\Yazilim\cy8ckit\GPS_kit.cydsn\GPS_kit.cyprj -dcpsoc3 GPS_kit.v -verilog
======================================================================

======================================================================
Compiling:  GPS_kit.v
Program  :   vlogfe
Options  :    -yv2 -q10 -ygs -o2 -v3 -.fftcfgtype=LE -ya -.fftprj=C:\Users\Babur\Dropbox\projeler\GPS_old\Yazilim\cy8ckit\GPS_kit.cydsn\GPS_kit.cyprj -dcpsoc3 -verilog GPS_kit.v
======================================================================

vlogfe V6.3 IR 41:  Verilog parser
Wed Jan 02 16:02:34 2019


======================================================================
Compiling:  GPS_kit.v
Program  :   vpp
Options  :    -yv2 -q10 GPS_kit.v
======================================================================

vpp V6.3 IR 41:  Verilog Pre-Processor
Wed Jan 02 16:02:34 2019

Flattening file 'C:\Program Files (x86)\Cypress\PSoC Creator\4.1\PSoC Creator\psoc\content\CyPrimitives\cyprimitives.cylib\cy_virtualmux_v1_0\cy_virtualmux_v1_0.v'
Flattening file 'C:\Program Files (x86)\Cypress\PSoC Creator\4.1\PSoC Creator\psoc\content\CyPrimitives\cyprimitives.cylib\ZeroTerminal\ZeroTerminal.v'
Flattening file 'C:\Program Files (x86)\Cypress\PSoC Creator\4.1\PSoC Creator\psoc\content\CyPrimitives\cyprimitives.cylib\or_v1_0\or_v1_0.v'

vpp:  No errors.

Library 'work' => directory 'lcpsoc3'
General_symbol_table
General_symbol_table
Linking 'C:\Program Files (x86)\Cypress\PSoC Creator\4.1\PSoC Creator\warp\lib\common\std.vhd'.
Linking 'C:\Program Files (x86)\Cypress\PSoC Creator\4.1\PSoC Creator\warp\lib\common\cypress.vhd'.
Linking 'C:\Program Files (x86)\Cypress\PSoC Creator\4.1\PSoC Creator\warp\lib\common\work\cypress.vif'.
Linking 'C:\Program Files (x86)\Cypress\PSoC Creator\4.1\PSoC Creator\warp\lib\ieee\work\stdlogic.vif'.
Linking 'C:\Program Files (x86)\Cypress\PSoC Creator\4.1\PSoC Creator\warp\lib\common\stdlogic\lpmpkg.vif'.
Linking 'C:\Program Files (x86)\Cypress\PSoC Creator\4.1\PSoC Creator\warp\lib\common\stdlogic\rtlpkg.vif'.
Linking 'C:\Program Files (x86)\Cypress\PSoC Creator\4.1\PSoC Creator\warp\lib\common\stdlogic\mod_cnst.vif'.
Linking 'C:\Program Files (x86)\Cypress\PSoC Creator\4.1\PSoC Creator\warp\lib\common\stdlogic\mod_mthv.vif'.
Linking 'C:\Program Files (x86)\Cypress\PSoC Creator\4.1\PSoC Creator\warp\lib\common\stdlogic\mod_genv.vif'.
Using control file 'GPS_kit.ctl'.

vlogfe:  No errors.


======================================================================
Compiling:  GPS_kit.v
Program  :   tovif
Options  :    -yv2 -q10 -ygs -o2 -v3 -.fftcfgtype=LE -ya -.fftprj=C:\Users\Babur\Dropbox\projeler\GPS_old\Yazilim\cy8ckit\GPS_kit.cydsn\GPS_kit.cyprj -dcpsoc3 -verilog GPS_kit.v
======================================================================

tovif V6.3 IR 41:  High-level synthesis
Wed Jan 02 16:02:34 2019

Linking 'C:\Program Files (x86)\Cypress\PSoC Creator\4.1\PSoC Creator\warp\lib\common\std.vhd'.
Linking 'C:\Program Files (x86)\Cypress\PSoC Creator\4.1\PSoC Creator\warp\lib\common\cypress.vhd'.
Linking 'C:\Program Files (x86)\Cypress\PSoC Creator\4.1\PSoC Creator\warp\lib\common\work\cypress.vif'.
Linking 'C:\Program Files (x86)\Cypress\PSoC Creator\4.1\PSoC Creator\warp\lib\ieee\work\stdlogic.vif'.
Linking 'C:\Program Files (x86)\Cypress\PSoC Creator\4.1\PSoC Creator\warp\lib\common\stdlogic\lpmpkg.vif'.
Linking 'C:\Program Files (x86)\Cypress\PSoC Creator\4.1\PSoC Creator\warp\lib\common\stdlogic\rtlpkg.vif'.
Linking 'C:\Program Files (x86)\Cypress\PSoC Creator\4.1\PSoC Creator\warp\lib\common\stdlogic\mod_cnst.vif'.
Linking 'C:\Program Files (x86)\Cypress\PSoC Creator\4.1\PSoC Creator\warp\lib\common\stdlogic\mod_mthv.vif'.
Linking 'C:\Program Files (x86)\Cypress\PSoC Creator\4.1\PSoC Creator\warp\lib\common\stdlogic\mod_genv.vif'.
Linking 'C:\Users\Babur\Dropbox\projeler\GPS_old\Yazilim\cy8ckit\GPS_kit.cydsn\codegentemp\GPS_kit.ctl'.
Linking 'C:\Program Files (x86)\Cypress\PSoC Creator\4.1\PSoC Creator\psoc\content\CyPrimitives\cyprimitives.cylib\cy_virtualmux_v1_0\cy_virtualmux_v1_0.v'.
Linking 'C:\Users\Babur\Dropbox\projeler\GPS_old\Yazilim\cy8ckit\GPS_kit.cydsn\codegentemp\GPS_kit.v'.
Linking 'C:\Program Files (x86)\Cypress\PSoC Creator\4.1\PSoC Creator\psoc\content\CyPrimitives\cyprimitives.cylib\ZeroTerminal\ZeroTerminal.v'.
Linking 'C:\Program Files (x86)\Cypress\PSoC Creator\4.1\PSoC Creator\psoc\content\CyPrimitives\cyprimitives.cylib\or_v1_0\or_v1_0.v'.

tovif:  No errors.


======================================================================
Compiling:  GPS_kit.v
Program  :   topld
Options  :    -yv2 -q10 -ygs -o2 -v3 -.fftcfgtype=LE -ya -.fftprj=C:\Users\Babur\Dropbox\projeler\GPS_old\Yazilim\cy8ckit\GPS_kit.cydsn\GPS_kit.cyprj -dcpsoc3 -verilog GPS_kit.v
======================================================================

topld V6.3 IR 41:  Synthesis and optimization
Wed Jan 02 16:02:34 2019

Linking 'C:\Program Files (x86)\Cypress\PSoC Creator\4.1\PSoC Creator\warp\lib\common\std.vhd'.
Linking 'C:\Program Files (x86)\Cypress\PSoC Creator\4.1\PSoC Creator\warp\lib\common\cypress.vhd'.
Linking 'C:\Program Files (x86)\Cypress\PSoC Creator\4.1\PSoC Creator\warp\lib\common\work\cypress.vif'.
Linking 'C:\Program Files (x86)\Cypress\PSoC Creator\4.1\PSoC Creator\warp\lib\ieee\work\stdlogic.vif'.
Linking 'C:\Program Files (x86)\Cypress\PSoC Creator\4.1\PSoC Creator\warp\lib\common\stdlogic\lpmpkg.vif'.
Linking 'C:\Program Files (x86)\Cypress\PSoC Creator\4.1\PSoC Creator\warp\lib\common\stdlogic\rtlpkg.vif'.
Linking 'C:\Program Files (x86)\Cypress\PSoC Creator\4.1\PSoC Creator\warp\lib\common\stdlogic\mod_cnst.vif'.
Linking 'C:\Program Files (x86)\Cypress\PSoC Creator\4.1\PSoC Creator\warp\lib\common\stdlogic\mod_mthv.vif'.
Linking 'C:\Program Files (x86)\Cypress\PSoC Creator\4.1\PSoC Creator\warp\lib\common\stdlogic\mod_genv.vif'.
Linking 'C:\Users\Babur\Dropbox\projeler\GPS_old\Yazilim\cy8ckit\GPS_kit.cydsn\codegentemp\GPS_kit.ctl'.
Linking 'C:\Program Files (x86)\Cypress\PSoC Creator\4.1\PSoC Creator\psoc\content\CyPrimitives\cyprimitives.cylib\cy_virtualmux_v1_0\cy_virtualmux_v1_0.v'.
Linking 'C:\Users\Babur\Dropbox\projeler\GPS_old\Yazilim\cy8ckit\GPS_kit.cydsn\codegentemp\GPS_kit.v'.
Linking 'C:\Program Files (x86)\Cypress\PSoC Creator\4.1\PSoC Creator\psoc\content\CyPrimitives\cyprimitives.cylib\ZeroTerminal\ZeroTerminal.v'.
Linking 'C:\Program Files (x86)\Cypress\PSoC Creator\4.1\PSoC Creator\psoc\content\CyPrimitives\cyprimitives.cylib\or_v1_0\or_v1_0.v'.
Linking 'C:\Program Files (x86)\Cypress\PSoC Creator\4.1\PSoC Creator\warp\lib\lcpsoc3\stdlogic\cpsoc3.vif'.

----------------------------------------------------------
Detecting unused logic.
----------------------------------------------------------
    User names
	\UART_GSM:Net_1257\
	\UART_GSM:uncfg_rx_irq\
	\UART_GSM:Net_1099\
	\UART_GSM:Net_1258\
	Net_151
	Net_152
	Net_161
	Net_162
	Net_163
	Net_164
	Net_165
	Net_166
	Net_167
	\I2C_1:Net_1257\
	\I2C_1:uncfg_rx_irq\
	\I2C_1:Net_1099\
	\I2C_1:Net_1258\
	Net_93
	Net_94
	Net_103
	Net_104
	Net_105
	Net_106
	Net_107
	Net_108
	Net_109
	\UART_GPS:Net_1257\
	\UART_GPS:uncfg_rx_irq\
	\UART_GPS:Net_1099\
	\UART_GPS:Net_1258\
	Net_228
	Net_229
	Net_238
	Net_239
	Net_240
	Net_241
	Net_242
	Net_243
	Net_244


Deleted 39 User equations/components.
Deleted 0 Synthesized equations/components.

------------------------------------------------------
Alias Detection
------------------------------------------------------
Aliasing \UART_GSM:sclk_s_wire\ to \UART_GSM:select_s_wire\
Aliasing \UART_GSM:mosi_s_wire\ to \UART_GSM:select_s_wire\
Aliasing \UART_GSM:miso_m_wire\ to \UART_GSM:select_s_wire\
Aliasing zero to \UART_GSM:select_s_wire\
Aliasing one to \UART_GSM:tmpOE__tx_net_0\
Aliasing \UART_GSM:tmpOE__rx_net_0\ to \UART_GSM:tmpOE__tx_net_0\
Aliasing \UART_GSM:cts_wire\ to \UART_GSM:select_s_wire\
Aliasing tmpOE__PWRKEY_net_0 to \UART_GSM:tmpOE__tx_net_0\
Aliasing tmpOE__Led1_net_0 to \UART_GSM:tmpOE__tx_net_0\
Aliasing \I2C_1:select_s_wire\ to \UART_GSM:select_s_wire\
Aliasing \I2C_1:rx_wire\ to \UART_GSM:select_s_wire\
Aliasing \I2C_1:sclk_s_wire\ to \UART_GSM:select_s_wire\
Aliasing \I2C_1:mosi_s_wire\ to \UART_GSM:select_s_wire\
Aliasing \I2C_1:miso_m_wire\ to \UART_GSM:select_s_wire\
Aliasing \I2C_1:tmpOE__sda_net_0\ to \UART_GSM:tmpOE__tx_net_0\
Aliasing \I2C_1:tmpOE__scl_net_0\ to \UART_GSM:tmpOE__tx_net_0\
Aliasing \I2C_1:cts_wire\ to \UART_GSM:select_s_wire\
Aliasing tmpOE__Pin_1_net_0 to \UART_GSM:tmpOE__tx_net_0\
Aliasing \UART_GPS:select_s_wire\ to \UART_GSM:select_s_wire\
Aliasing \UART_GPS:sclk_s_wire\ to \UART_GSM:select_s_wire\
Aliasing \UART_GPS:mosi_s_wire\ to \UART_GSM:select_s_wire\
Aliasing \UART_GPS:miso_m_wire\ to \UART_GSM:select_s_wire\
Aliasing \UART_GPS:tmpOE__tx_net_0\ to \UART_GSM:tmpOE__tx_net_0\
Aliasing \UART_GPS:tmpOE__rx_net_0\ to \UART_GSM:tmpOE__tx_net_0\
Aliasing \UART_GPS:cts_wire\ to \UART_GSM:select_s_wire\
Aliasing tmpOE__GPS_RESET_net_0 to \UART_GSM:tmpOE__tx_net_0\
Removing Rhs of wire \UART_GSM:rx_wire\[3] = \UART_GSM:Net_1268\[4]
Removing Lhs of wire \UART_GSM:Net_1170\[7] = \UART_GSM:Net_847\[1]
Removing Lhs of wire \UART_GSM:sclk_s_wire\[8] = \UART_GSM:select_s_wire\[2]
Removing Lhs of wire \UART_GSM:mosi_s_wire\[9] = \UART_GSM:select_s_wire\[2]
Removing Lhs of wire \UART_GSM:miso_m_wire\[10] = \UART_GSM:select_s_wire\[2]
Removing Rhs of wire zero[17] = \UART_GSM:select_s_wire\[2]
Removing Rhs of wire one[18] = \UART_GSM:tmpOE__tx_net_0\[12]
Removing Lhs of wire \UART_GSM:tmpOE__rx_net_0\[25] = one[18]
Removing Lhs of wire \UART_GSM:cts_wire\[29] = zero[17]
Removing Lhs of wire tmpOE__PWRKEY_net_0[54] = one[18]
Removing Lhs of wire tmpOE__Led1_net_0[60] = one[18]
Removing Lhs of wire \I2C_1:select_s_wire\[67] = zero[17]
Removing Lhs of wire \I2C_1:rx_wire\[68] = zero[17]
Removing Lhs of wire \I2C_1:Net_1170\[71] = \I2C_1:Net_847\[66]
Removing Lhs of wire \I2C_1:sclk_s_wire\[72] = zero[17]
Removing Lhs of wire \I2C_1:mosi_s_wire\[73] = zero[17]
Removing Lhs of wire \I2C_1:miso_m_wire\[74] = zero[17]
Removing Lhs of wire \I2C_1:tmpOE__sda_net_0\[76] = one[18]
Removing Lhs of wire \I2C_1:tmpOE__scl_net_0\[82] = one[18]
Removing Lhs of wire \I2C_1:cts_wire\[91] = zero[17]
Removing Lhs of wire tmpOE__Pin_1_net_0[115] = one[18]
Removing Lhs of wire \UART_GPS:select_s_wire\[122] = zero[17]
Removing Rhs of wire \UART_GPS:rx_wire\[123] = \UART_GPS:Net_1268\[124]
Removing Lhs of wire \UART_GPS:Net_1170\[127] = \UART_GPS:Net_847\[121]
Removing Lhs of wire \UART_GPS:sclk_s_wire\[128] = zero[17]
Removing Lhs of wire \UART_GPS:mosi_s_wire\[129] = zero[17]
Removing Lhs of wire \UART_GPS:miso_m_wire\[130] = zero[17]
Removing Lhs of wire \UART_GPS:tmpOE__tx_net_0\[132] = one[18]
Removing Lhs of wire \UART_GPS:tmpOE__rx_net_0\[143] = one[18]
Removing Lhs of wire \UART_GPS:cts_wire\[147] = zero[17]
Removing Lhs of wire tmpOE__GPS_RESET_net_0[172] = one[18]

------------------------------------------------------
Aliased 0 equations, 31 wires.
------------------------------------------------------

----------------------------------------------------------
Circuit simplification
----------------------------------------------------------

Substituting virtuals - pass 1:


----------------------------------------------------------
Circuit simplification results:

	Expanded 0 signals.
	Turned 0 signals into soft nodes.
	Maximum default expansion cost was set at 3.
----------------------------------------------------------

topld:  No errors.

CYPRESS_DIR    : C:\Program Files (x86)\Cypress\PSoC Creator\4.1\PSoC Creator\warp
Warp Program   : C:\Program Files (x86)\Cypress\PSoC Creator\4.1\PSoC Creator\warp\bin\warp.exe
Warp Arguments : -yv2 -q10 -ygs -o2 -v3 -.fftcfgtype=LE -ya -.fftprj=C:\Users\Babur\Dropbox\projeler\GPS_old\Yazilim\cy8ckit\GPS_kit.cydsn\GPS_kit.cyprj -dcpsoc3 GPS_kit.v -verilog
</CYPRESSTAG>
Warp synthesis phase: Elapsed time ==> 0s.502ms
<CYPRESSTAG name="Fitter results...">
<CYPRESSTAG name="Fitter startup details...">
cyp3fit: V4.1.0.2686, Family: PSoC3, Started at: Wednesday, 02 January 2019 16:02:34
Options: -yv2 -q10 -ygs -o2 -v3 -.fftcfgtype=LE -ya -.fftprj=C:\Users\Babur\Dropbox\projeler\GPS_old\Yazilim\cy8ckit\GPS_kit.cydsn\GPS_kit.cyprj -d CY8C4247AXI-M485 GPS_kit.v -verilog
</CYPRESSTAG>
<CYPRESSTAG name="Design parsing">
Design parsing phase: Elapsed time ==> 0s.007ms
</CYPRESSTAG>
<CYPRESSTAG name="Tech Mapping">
<CYPRESSTAG name="Initial Mapping" icon="FILE_RPT_TECHM">
<CYPRESSTAG name="Global Clock Selection" icon="FILE_RPT_TECHM">
    Fixed Function Clock 2: Automatic-assigning  clock 'I2C_1_SCBCLK'. Signal=\I2C_1:Net_847_ff2\
    Fixed Function Clock 3: Automatic-assigning  clock 'UART_GSM_SCBCLK'. Signal=\UART_GSM:Net_847_ff3\
    Fixed Function Clock 4: Automatic-assigning  clock 'UART_GPS_SCBCLK'. Signal=\UART_GPS:Net_847_ff4\
<CYPRESSTAG name="UDB Clock/Enable Remapping Results">
</CYPRESSTAG>
</CYPRESSTAG>

Removing unused cells resulting from optimization
Done removing unused cells.
<CYPRESSTAG name="Duplicate Macrocell detection">
</CYPRESSTAG>
</CYPRESSTAG>
<CYPRESSTAG name="Duplicate Macrocell detection">
</CYPRESSTAG>
<CYPRESSTAG name="Design Equations" icon="FILE_RPT_EQUATION">

------------------------------------------------------------
Design Equations
------------------------------------------------------------
    <CYPRESSTAG name="Pin listing">

    ------------------------------------------------------------
    Pin listing
    ------------------------------------------------------------

    Pin : Name = \UART_GSM:tx(0)\
        Attributes:
            In Group/Port: True
            In Sync Option: NOSYNC
            Out Sync Option: NOSYNC
            Interrupt generated: False
            Interrupt mode: NONE
            Drive mode: CMOS_OUT
            VTrip: CMOS
            Slew: FAST
            Input Sync needed: False
            Output Sync needed: False
            SC shield enabled: False
            POR State: ANY
            LCD Mode: COMMON
            Register Mode: RegComb
            CaSense Mode: NEITHER
            Treat as pin: True
            Is OE Registered: False
            Uses Analog: False
            Can contain Digital: True
            Is SIO: False
            SIO Output Buf: NONREGULATED
            SIO Input Buf: SINGLE_ENDED
            SIO HiFreq: LOW
            SIO Hyst: DISABLED
            SIO Vtrip: MULTIPLIER_0_5
            SIO Multiplier Index: 0
            SIO RefSel: VCC_IO
            Required Capabilities: DIGITAL
            Initial Value: 1
            IO Voltage: 0
        PORT MAP (
            pa_out => \UART_GSM:tx(0)\__PA ,
            pin_input => \UART_GSM:tx_wire\ ,
            pad => \UART_GSM:tx(0)_PAD\ );
        Properties:
        {
        }

    Pin : Name = \UART_GSM:rx(0)\
        Attributes:
            In Group/Port: True
            In Sync Option: NOSYNC
            Out Sync Option: AUTO
            Interrupt generated: False
            Interrupt mode: NONE
            Drive mode: HI_Z_DIGITAL
            VTrip: CMOS
            Slew: FAST
            Input Sync needed: False
            Output Sync needed: False
            SC shield enabled: False
            POR State: ANY
            LCD Mode: COMMON
            Register Mode: RegComb
            CaSense Mode: NEITHER
            Treat as pin: True
            Is OE Registered: False
            Uses Analog: False
            Can contain Digital: True
            Is SIO: False
            SIO Output Buf: NONREGULATED
            SIO Input Buf: SINGLE_ENDED
            SIO HiFreq: LOW
            SIO Hyst: DISABLED
            SIO Vtrip: MULTIPLIER_0_5
            SIO Multiplier Index: 0
            SIO RefSel: VCC_IO
            Required Capabilities: DIGITAL
            Initial Value: 0
            IO Voltage: 0
        PORT MAP (
            pa_out => \UART_GSM:rx(0)\__PA ,
            fb => \UART_GSM:rx_wire\ ,
            pad => \UART_GSM:rx(0)_PAD\ );
        Properties:
        {
        }

    Pin : Name = PWRKEY(0)
        Attributes:
            In Group/Port: True
            In Sync Option: AUTO
            Out Sync Option: NOSYNC
            Interrupt generated: False
            Interrupt mode: NONE
            Drive mode: CMOS_OUT
            VTrip: EITHER
            Slew: FAST
            Input Sync needed: False
            Output Sync needed: False
            SC shield enabled: False
            POR State: ANY
            LCD Mode: COMMON
            Register Mode: RegComb
            CaSense Mode: NEITHER
            Treat as pin: True
            Is OE Registered: False
            Uses Analog: False
            Can contain Digital: True
            Is SIO: False
            SIO Output Buf: NONREGULATED
            SIO Input Buf: SINGLE_ENDED
            SIO HiFreq: LOW
            SIO Hyst: DISABLED
            SIO Vtrip: MULTIPLIER_0_5
            SIO Multiplier Index: 0
            SIO RefSel: VCC_IO
            Required Capabilities: DIGITAL
            Initial Value: 0
            IO Voltage: 0
        PORT MAP (
            pa_out => PWRKEY(0)__PA ,
            pad => PWRKEY(0)_PAD );
        Properties:
        {
        }

    Pin : Name = Led1(0)
        Attributes:
            In Group/Port: True
            In Sync Option: AUTO
            Out Sync Option: NOSYNC
            Interrupt generated: False
            Interrupt mode: NONE
            Drive mode: CMOS_OUT
            VTrip: EITHER
            Slew: FAST
            Input Sync needed: False
            Output Sync needed: False
            SC shield enabled: False
            POR State: ANY
            LCD Mode: COMMON
            Register Mode: RegComb
            CaSense Mode: NEITHER
            Treat as pin: True
            Is OE Registered: False
            Uses Analog: False
            Can contain Digital: True
            Is SIO: False
            SIO Output Buf: NONREGULATED
            SIO Input Buf: SINGLE_ENDED
            SIO HiFreq: LOW
            SIO Hyst: DISABLED
            SIO Vtrip: MULTIPLIER_0_5
            SIO Multiplier Index: 0
            SIO RefSel: VCC_IO
            Required Capabilities: DIGITAL
            Initial Value: 0
            IO Voltage: 0
        PORT MAP (
            pa_out => Led1(0)__PA ,
            pad => Led1(0)_PAD );
        Properties:
        {
        }

    Pin : Name = \I2C_1:sda(0)\
        Attributes:
            In Group/Port: True
            In Sync Option: NOSYNC
            Out Sync Option: NOSYNC
            Interrupt generated: False
            Interrupt mode: NONE
            Drive mode: OPEN_DRAIN_LO
            VTrip: CMOS
            Slew: FAST
            Input Sync needed: False
            Output Sync needed: False
            SC shield enabled: False
            POR State: ANY
            LCD Mode: COMMON
            Register Mode: RegComb
            CaSense Mode: NEITHER
            Treat as pin: True
            Is OE Registered: False
            Uses Analog: False
            Can contain Digital: True
            Is SIO: False
            SIO Output Buf: NONREGULATED
            SIO Input Buf: SINGLE_ENDED
            SIO HiFreq: LOW
            SIO Hyst: DISABLED
            SIO Vtrip: MULTIPLIER_0_5
            SIO Multiplier Index: 0
            SIO RefSel: VCC_IO
            Required Capabilities: DIGITAL
            Initial Value: 1
            IO Voltage: 0
        PORT MAP (
            pa_out => \I2C_1:sda(0)\__PA ,
            fb => \I2C_1:sda_wire\ ,
            pad => \I2C_1:sda(0)_PAD\ );
        Properties:
        {
        }

    Pin : Name = \I2C_1:scl(0)\
        Attributes:
            In Group/Port: True
            In Sync Option: NOSYNC
            Out Sync Option: NOSYNC
            Interrupt generated: False
            Interrupt mode: NONE
            Drive mode: OPEN_DRAIN_LO
            VTrip: CMOS
            Slew: FAST
            Input Sync needed: False
            Output Sync needed: False
            SC shield enabled: False
            POR State: ANY
            LCD Mode: COMMON
            Register Mode: RegComb
            CaSense Mode: NEITHER
            Treat as pin: True
            Is OE Registered: False
            Uses Analog: False
            Can contain Digital: True
            Is SIO: False
            SIO Output Buf: NONREGULATED
            SIO Input Buf: SINGLE_ENDED
            SIO HiFreq: LOW
            SIO Hyst: DISABLED
            SIO Vtrip: MULTIPLIER_0_5
            SIO Multiplier Index: 0
            SIO RefSel: VCC_IO
            Required Capabilities: DIGITAL
            Initial Value: 1
            IO Voltage: 0
        PORT MAP (
            pa_out => \I2C_1:scl(0)\__PA ,
            fb => \I2C_1:scl_wire\ ,
            pad => \I2C_1:scl(0)_PAD\ );
        Properties:
        {
        }

    Pin : Name = Pin_1(0)
        Attributes:
            In Group/Port: True
            In Sync Option: NOSYNC
            Out Sync Option: AUTO
            Interrupt generated: False
            Interrupt mode: NONE
            Drive mode: HI_Z_DIGITAL
            VTrip: CMOS
            Slew: FAST
            Input Sync needed: False
            Output Sync needed: False
            SC shield enabled: False
            POR State: ANY
            LCD Mode: COMMON
            Register Mode: RegComb
            CaSense Mode: NEITHER
            Treat as pin: True
            Is OE Registered: False
            Uses Analog: False
            Can contain Digital: True
            Is SIO: False
            SIO Output Buf: NONREGULATED
            SIO Input Buf: SINGLE_ENDED
            SIO HiFreq: LOW
            SIO Hyst: DISABLED
            SIO Vtrip: MULTIPLIER_0_5
            SIO Multiplier Index: 0
            SIO RefSel: VCC_IO
            Required Capabilities: DIGITAL
            Initial Value: 1
            IO Voltage: 0
        PORT MAP (
            pa_out => Pin_1(0)__PA ,
            pad => Pin_1(0)_PAD );
        Properties:
        {
        }

    Pin : Name = \UART_GPS:tx(0)\
        Attributes:
            In Group/Port: True
            In Sync Option: NOSYNC
            Out Sync Option: NOSYNC
            Interrupt generated: False
            Interrupt mode: NONE
            Drive mode: CMOS_OUT
            VTrip: CMOS
            Slew: FAST
            Input Sync needed: False
            Output Sync needed: False
            SC shield enabled: False
            POR State: ANY
            LCD Mode: COMMON
            Register Mode: RegComb
            CaSense Mode: NEITHER
            Treat as pin: True
            Is OE Registered: False
            Uses Analog: False
            Can contain Digital: True
            Is SIO: False
            SIO Output Buf: NONREGULATED
            SIO Input Buf: SINGLE_ENDED
            SIO HiFreq: LOW
            SIO Hyst: DISABLED
            SIO Vtrip: MULTIPLIER_0_5
            SIO Multiplier Index: 0
            SIO RefSel: VCC_IO
            Required Capabilities: DIGITAL
            Initial Value: 1
            IO Voltage: 0
        PORT MAP (
            pa_out => \UART_GPS:tx(0)\__PA ,
            pin_input => \UART_GPS:tx_wire\ ,
            pad => \UART_GPS:tx(0)_PAD\ );
        Properties:
        {
        }

    Pin : Name = \UART_GPS:rx(0)\
        Attributes:
            In Group/Port: True
            In Sync Option: NOSYNC
            Out Sync Option: AUTO
            Interrupt generated: False
            Interrupt mode: NONE
            Drive mode: HI_Z_DIGITAL
            VTrip: CMOS
            Slew: FAST
            Input Sync needed: False
            Output Sync needed: False
            SC shield enabled: False
            POR State: ANY
            LCD Mode: COMMON
            Register Mode: RegComb
            CaSense Mode: NEITHER
            Treat as pin: True
            Is OE Registered: False
            Uses Analog: False
            Can contain Digital: True
            Is SIO: False
            SIO Output Buf: NONREGULATED
            SIO Input Buf: SINGLE_ENDED
            SIO HiFreq: LOW
            SIO Hyst: DISABLED
            SIO Vtrip: MULTIPLIER_0_5
            SIO Multiplier Index: 0
            SIO RefSel: VCC_IO
            Required Capabilities: DIGITAL
            Initial Value: 0
            IO Voltage: 0
        PORT MAP (
            pa_out => \UART_GPS:rx(0)\__PA ,
            fb => \UART_GPS:rx_wire\ ,
            pad => \UART_GPS:rx(0)_PAD\ );
        Properties:
        {
        }

    Pin : Name = GPS_RESET(0)
        Attributes:
            In Group/Port: True
            In Sync Option: AUTO
            Out Sync Option: NOSYNC
            Interrupt generated: False
            Interrupt mode: NONE
            Drive mode: CMOS_OUT
            VTrip: EITHER
            Slew: FAST
            Input Sync needed: False
            Output Sync needed: False
            SC shield enabled: False
            POR State: ANY
            LCD Mode: COMMON
            Register Mode: RegComb
            CaSense Mode: NEITHER
            Treat as pin: True
            Is OE Registered: False
            Uses Analog: False
            Can contain Digital: True
            Is SIO: False
            SIO Output Buf: NONREGULATED
            SIO Input Buf: SINGLE_ENDED
            SIO HiFreq: LOW
            SIO Hyst: DISABLED
            SIO Vtrip: MULTIPLIER_0_5
            SIO Multiplier Index: 0
            SIO RefSel: VCC_IO
            Required Capabilities: DIGITAL
            Initial Value: 0
            IO Voltage: 0
        PORT MAP (
            pa_out => GPS_RESET(0)__PA ,
            pad => GPS_RESET(0)_PAD );
        Properties:
        {
        }
    </CYPRESSTAG>
    <CYPRESSTAG name="Macrocell listing" icon="FILE_RPT_EQUATION">
    </CYPRESSTAG>
    <CYPRESSTAG name="Datapath listing">
    </CYPRESSTAG>
    <CYPRESSTAG name="Status register listing">
    </CYPRESSTAG>
    <CYPRESSTAG name="StatusI register listing">
    </CYPRESSTAG>
    <CYPRESSTAG name="Sync listing">
    </CYPRESSTAG>
    <CYPRESSTAG name="Control register listing">
    </CYPRESSTAG>
    <CYPRESSTAG name="Count7 listing">
    </CYPRESSTAG>
    <CYPRESSTAG name="DRQ listing">
    </CYPRESSTAG>
    <CYPRESSTAG name="Interrupt listing">

    ------------------------------------------------------------
    Interrupt listing
    ------------------------------------------------------------

    interrupt: Name =\UART_GSM:SCB_IRQ\
        PORT MAP (
            interrupt => Net_153 );
        Properties:
        {
            int_type = "10"
            is_nmi = 0
        }

    interrupt: Name =\I2C_1:SCB_IRQ\
        PORT MAP (
            interrupt => Net_95 );
        Properties:
        {
            int_type = "10"
            is_nmi = 0
        }

    interrupt: Name =\UART_GPS:SCB_IRQ\
        PORT MAP (
            interrupt => Net_230 );
        Properties:
        {
            int_type = "10"
            is_nmi = 0
        }
    </CYPRESSTAG>
</CYPRESSTAG>
<CYPRESSTAG name="Technology mapping summary" expanded>

------------------------------------------------------------
Technology mapping summary
------------------------------------------------------------

Resource Type                 : Used : Free :  Max :  % Used
============================================================
Digital Clocks                :    0 :    4 :    4 :  0.00 %
Interrupts                    :    3 :   29 :   32 :  9.38 %
IO                            :   12 :   39 :   51 : 23.53 %
Segment LCD                   :    0 :    1 :    1 :  0.00 %
CapSense                      :    0 :    2 :    2 :  0.00 %
Die Temp                      :    0 :    1 :    1 :  0.00 %
CAN 2.0b                      :    0 :    2 :    2 :  0.00 %
Serial Communication (SCB)    :    3 :    1 :    4 : 75.00 %
DMA Channels                  :    0 :    8 :    8 :  0.00 %
Timer/Counter/PWM             :    0 :    8 :    8 :  0.00 %
UDB                           :      :      :      :        
  Macrocells                  :    0 :   32 :   32 :  0.00 %
  Unique P-terms              :    0 :   64 :   64 :  0.00 %
  Total P-terms               :    0 :      :      :        
  Datapath Cells              :    0 :    4 :    4 :  0.00 %
  Status Cells                :    0 :    4 :    4 :  0.00 %
  Control Cells               :    0 :    4 :    4 :  0.00 %
Comparator/Opamp              :    0 :    4 :    4 :  0.00 %
LP Comparator                 :    0 :    2 :    2 :  0.00 %
SAR ADC                       :    0 :    1 :    1 :  0.00 %
DAC                           :      :      :      :        
  7-bit IDAC                  :    0 :    2 :    2 :  0.00 %
  8-bit IDAC                  :    0 :    2 :    2 :  0.00 %
</CYPRESSTAG>
Technology Mapping: Elapsed time ==> 0s.028ms
Tech Mapping phase: Elapsed time ==> 0s.056ms
</CYPRESSTAG>
<CYPRESSTAG name="Analog Placement">
<CYPRESSTAG name="FFB & IO Pre Placement">
<CYPRESSTAG name="Placement" icon="FILE_RPT_PLACEMENT">

Cell                                : Block                              
=========================================================================
\UART_GSM:tx(0)\                    : [IOP=(5)][IoId=(1)]                
\UART_GSM:rx(0)\                    : [IOP=(5)][IoId=(0)]                
PWRKEY(0)                           : [IOP=(0)][IoId=(6)]                
Led1(0)                             : [IOP=(6)][IoId=(5)]                
\I2C_1:sda(0)\                      : [IOP=(2)][IoId=(1)]                
\I2C_1:scl(0)\                      : [IOP=(2)][IoId=(0)]                
Pin_1(0)                            : [IOP=(1)][IoId=(7)]                
\UART_GPS:tx(0)\                    : [IOP=(4)][IoId=(1)]                
\UART_GPS:rx(0)\                    : [IOP=(1)][IoId=(0)]                
GPS_RESET(0)                        : [IOP=(1)][IoId=(6)]                
ClockGenBlock                       : CLK_GEN_[FFB(CLK_GEN,0)]           
\UART_GSM:SCB\                      : SCB_[FFB(SCB,2)]                   
\I2C_1:SCB\                         : SCB_[FFB(SCB,1)]                   
\UART_GPS:SCB\                      : SCB_[FFB(SCB,0)]                   

</CYPRESSTAG>
</CYPRESSTAG>
<CYPRESSTAG name="Real Analog Placement">
Elapsed time ==> 0.3757848s
</CYPRESSTAG>
Analog Placement phase: Elapsed time ==> 0s.696ms
</CYPRESSTAG>
<CYPRESSTAG name="Analog Routing">
<CYPRESSTAG name="Analog Routing">
Route success=True, Iterations=1 Elapsed=0.0005799 secs
</CYPRESSTAG>
Analog Routing phase: Elapsed time ==> 0s.001ms
</CYPRESSTAG>
<CYPRESSTAG name="Analog Code Generation">
============ Analog Final Answer Routes ============
Dump of CyAnalogRoutingResultsDB
Map of net to items {
}
Map of item to net {
}
Mux Info {
}
Analog Code Generation phase: Elapsed time ==> 0s.148ms
</CYPRESSTAG>
<CYPRESSTAG name="Digital Placement">
<CYPRESSTAG name="Detailed placement messages">
I2659: No Constrained paths were found. The placer will run in non-timing driven mode.
I2076: Total run-time: 0.7 sec.

</CYPRESSTAG>
<CYPRESSTAG name="PLD Packing">
<CYPRESSTAG name="PLD Packing Summary">
No PLDs were packed.
</CYPRESSTAG>
PLD Packing: Elapsed time ==> 0s.012ms
</CYPRESSTAG>
<CYPRESSTAG name="Partitioning">
<CYPRESSTAG name="Initial Partitioning Summary">
Initial Partitioning Summary not displayed at this verbose level.</CYPRESSTAG>
<CYPRESSTAG name="Final Partitioning Summary">
Final Partitioning Summary not displayed at this verbose level.</CYPRESSTAG>
Partitioning: Elapsed time ==> 0s.080ms
</CYPRESSTAG>
<CYPRESSTAG name="Final Placement Summary">

------------------------------------------------------------
Final Placement Summary
------------------------------------------------------------

       Resource Type :      Count : Avg Inputs : Avg Outputs
    ========================================================
                 UDB :          0 :       0.00 :       0.00
<CYPRESSTAG name="Final Placement Details">
<CYPRESSTAG name="Component Details">

------------------------------------------------------------
Component Placement Details
------------------------------------------------------------
UDB [UDB=(0,0)] is empty.
UDB [UDB=(0,1)] is empty.
UDB [UDB=(1,0)] is empty.
UDB [UDB=(1,1)] is empty.
Intr container @ [IntrContainer=(0)]: 
  Intr@ [IntrContainer=(0)][IntrId=(8)] 
    interrupt: Name =\UART_GPS:SCB_IRQ\
        PORT MAP (
            interrupt => Net_230 );
        Properties:
        {
            int_type = "10"
            is_nmi = 0
        }
  Intr@ [IntrContainer=(0)][IntrId=(9)] 
    interrupt: Name =\I2C_1:SCB_IRQ\
        PORT MAP (
            interrupt => Net_95 );
        Properties:
        {
            int_type = "10"
            is_nmi = 0
        }
  Intr@ [IntrContainer=(0)][IntrId=(10)] 
    interrupt: Name =\UART_GSM:SCB_IRQ\
        PORT MAP (
            interrupt => Net_153 );
        Properties:
        {
            int_type = "10"
            is_nmi = 0
        }
Drq container @ [DrqContainer=(0)]: empty
Port 0 contains the following IO cells:
[IoId=6]: 
Pin : Name = PWRKEY(0)
    Attributes:
        In Group/Port: True
        In Sync Option: AUTO
        Out Sync Option: NOSYNC
        Interrupt generated: False
        Interrupt mode: NONE
        Drive mode: CMOS_OUT
        VTrip: EITHER
        Slew: FAST
        Input Sync needed: False
        Output Sync needed: False
        SC shield enabled: False
        POR State: ANY
        LCD Mode: COMMON
        Register Mode: RegComb
        CaSense Mode: NEITHER
        Treat as pin: True
        Is OE Registered: False
        Uses Analog: False
        Can contain Digital: True
        Is SIO: False
        SIO Output Buf: NONREGULATED
        SIO Input Buf: SINGLE_ENDED
        SIO HiFreq: LOW
        SIO Hyst: DISABLED
        SIO Vtrip: MULTIPLIER_0_5
        SIO Multiplier Index: 0
        SIO RefSel: VCC_IO
        Required Capabilities: DIGITAL
        Initial Value: 0
        IO Voltage: 0
    PORT MAP (
        pa_out => PWRKEY(0)__PA ,
        pad => PWRKEY(0)_PAD );
    Properties:
    {
    }

Port 1 contains the following IO cells:
[IoId=0]: 
Pin : Name = \UART_GPS:rx(0)\
    Attributes:
        In Group/Port: True
        In Sync Option: NOSYNC
        Out Sync Option: AUTO
        Interrupt generated: False
        Interrupt mode: NONE
        Drive mode: HI_Z_DIGITAL
        VTrip: CMOS
        Slew: FAST
        Input Sync needed: False
        Output Sync needed: False
        SC shield enabled: False
        POR State: ANY
        LCD Mode: COMMON
        Register Mode: RegComb
        CaSense Mode: NEITHER
        Treat as pin: True
        Is OE Registered: False
        Uses Analog: False
        Can contain Digital: True
        Is SIO: False
        SIO Output Buf: NONREGULATED
        SIO Input Buf: SINGLE_ENDED
        SIO HiFreq: LOW
        SIO Hyst: DISABLED
        SIO Vtrip: MULTIPLIER_0_5
        SIO Multiplier Index: 0
        SIO RefSel: VCC_IO
        Required Capabilities: DIGITAL
        Initial Value: 0
        IO Voltage: 0
    PORT MAP (
        pa_out => \UART_GPS:rx(0)\__PA ,
        fb => \UART_GPS:rx_wire\ ,
        pad => \UART_GPS:rx(0)_PAD\ );
    Properties:
    {
    }

[IoId=6]: 
Pin : Name = GPS_RESET(0)
    Attributes:
        In Group/Port: True
        In Sync Option: AUTO
        Out Sync Option: NOSYNC
        Interrupt generated: False
        Interrupt mode: NONE
        Drive mode: CMOS_OUT
        VTrip: EITHER
        Slew: FAST
        Input Sync needed: False
        Output Sync needed: False
        SC shield enabled: False
        POR State: ANY
        LCD Mode: COMMON
        Register Mode: RegComb
        CaSense Mode: NEITHER
        Treat as pin: True
        Is OE Registered: False
        Uses Analog: False
        Can contain Digital: True
        Is SIO: False
        SIO Output Buf: NONREGULATED
        SIO Input Buf: SINGLE_ENDED
        SIO HiFreq: LOW
        SIO Hyst: DISABLED
        SIO Vtrip: MULTIPLIER_0_5
        SIO Multiplier Index: 0
        SIO RefSel: VCC_IO
        Required Capabilities: DIGITAL
        Initial Value: 0
        IO Voltage: 0
    PORT MAP (
        pa_out => GPS_RESET(0)__PA ,
        pad => GPS_RESET(0)_PAD );
    Properties:
    {
    }

[IoId=7]: 
Pin : Name = Pin_1(0)
    Attributes:
        In Group/Port: True
        In Sync Option: NOSYNC
        Out Sync Option: AUTO
        Interrupt generated: False
        Interrupt mode: NONE
        Drive mode: HI_Z_DIGITAL
        VTrip: CMOS
        Slew: FAST
        Input Sync needed: False
        Output Sync needed: False
        SC shield enabled: False
        POR State: ANY
        LCD Mode: COMMON
        Register Mode: RegComb
        CaSense Mode: NEITHER
        Treat as pin: True
        Is OE Registered: False
        Uses Analog: False
        Can contain Digital: True
        Is SIO: False
        SIO Output Buf: NONREGULATED
        SIO Input Buf: SINGLE_ENDED
        SIO HiFreq: LOW
        SIO Hyst: DISABLED
        SIO Vtrip: MULTIPLIER_0_5
        SIO Multiplier Index: 0
        SIO RefSel: VCC_IO
        Required Capabilities: DIGITAL
        Initial Value: 1
        IO Voltage: 0
    PORT MAP (
        pa_out => Pin_1(0)__PA ,
        pad => Pin_1(0)_PAD );
    Properties:
    {
    }

Port 2 contains the following IO cells:
[IoId=0]: 
Pin : Name = \I2C_1:scl(0)\
    Attributes:
        In Group/Port: True
        In Sync Option: NOSYNC
        Out Sync Option: NOSYNC
        Interrupt generated: False
        Interrupt mode: NONE
        Drive mode: OPEN_DRAIN_LO
        VTrip: CMOS
        Slew: FAST
        Input Sync needed: False
        Output Sync needed: False
        SC shield enabled: False
        POR State: ANY
        LCD Mode: COMMON
        Register Mode: RegComb
        CaSense Mode: NEITHER
        Treat as pin: True
        Is OE Registered: False
        Uses Analog: False
        Can contain Digital: True
        Is SIO: False
        SIO Output Buf: NONREGULATED
        SIO Input Buf: SINGLE_ENDED
        SIO HiFreq: LOW
        SIO Hyst: DISABLED
        SIO Vtrip: MULTIPLIER_0_5
        SIO Multiplier Index: 0
        SIO RefSel: VCC_IO
        Required Capabilities: DIGITAL
        Initial Value: 1
        IO Voltage: 0
    PORT MAP (
        pa_out => \I2C_1:scl(0)\__PA ,
        fb => \I2C_1:scl_wire\ ,
        pad => \I2C_1:scl(0)_PAD\ );
    Properties:
    {
    }

[IoId=1]: 
Pin : Name = \I2C_1:sda(0)\
    Attributes:
        In Group/Port: True
        In Sync Option: NOSYNC
        Out Sync Option: NOSYNC
        Interrupt generated: False
        Interrupt mode: NONE
        Drive mode: OPEN_DRAIN_LO
        VTrip: CMOS
        Slew: FAST
        Input Sync needed: False
        Output Sync needed: False
        SC shield enabled: False
        POR State: ANY
        LCD Mode: COMMON
        Register Mode: RegComb
        CaSense Mode: NEITHER
        Treat as pin: True
        Is OE Registered: False
        Uses Analog: False
        Can contain Digital: True
        Is SIO: False
        SIO Output Buf: NONREGULATED
        SIO Input Buf: SINGLE_ENDED
        SIO HiFreq: LOW
        SIO Hyst: DISABLED
        SIO Vtrip: MULTIPLIER_0_5
        SIO Multiplier Index: 0
        SIO RefSel: VCC_IO
        Required Capabilities: DIGITAL
        Initial Value: 1
        IO Voltage: 0
    PORT MAP (
        pa_out => \I2C_1:sda(0)\__PA ,
        fb => \I2C_1:sda_wire\ ,
        pad => \I2C_1:sda(0)_PAD\ );
    Properties:
    {
    }

Port 3 contains the following IO cells:
Port 4 contains the following IO cells:
[IoId=1]: 
Pin : Name = \UART_GPS:tx(0)\
    Attributes:
        In Group/Port: True
        In Sync Option: NOSYNC
        Out Sync Option: NOSYNC
        Interrupt generated: False
        Interrupt mode: NONE
        Drive mode: CMOS_OUT
        VTrip: CMOS
        Slew: FAST
        Input Sync needed: False
        Output Sync needed: False
        SC shield enabled: False
        POR State: ANY
        LCD Mode: COMMON
        Register Mode: RegComb
        CaSense Mode: NEITHER
        Treat as pin: True
        Is OE Registered: False
        Uses Analog: False
        Can contain Digital: True
        Is SIO: False
        SIO Output Buf: NONREGULATED
        SIO Input Buf: SINGLE_ENDED
        SIO HiFreq: LOW
        SIO Hyst: DISABLED
        SIO Vtrip: MULTIPLIER_0_5
        SIO Multiplier Index: 0
        SIO RefSel: VCC_IO
        Required Capabilities: DIGITAL
        Initial Value: 1
        IO Voltage: 0
    PORT MAP (
        pa_out => \UART_GPS:tx(0)\__PA ,
        pin_input => \UART_GPS:tx_wire\ ,
        pad => \UART_GPS:tx(0)_PAD\ );
    Properties:
    {
    }

Port 5 contains the following IO cells:
[IoId=0]: 
Pin : Name = \UART_GSM:rx(0)\
    Attributes:
        In Group/Port: True
        In Sync Option: NOSYNC
        Out Sync Option: AUTO
        Interrupt generated: False
        Interrupt mode: NONE
        Drive mode: HI_Z_DIGITAL
        VTrip: CMOS
        Slew: FAST
        Input Sync needed: False
        Output Sync needed: False
        SC shield enabled: False
        POR State: ANY
        LCD Mode: COMMON
        Register Mode: RegComb
        CaSense Mode: NEITHER
        Treat as pin: True
        Is OE Registered: False
        Uses Analog: False
        Can contain Digital: True
        Is SIO: False
        SIO Output Buf: NONREGULATED
        SIO Input Buf: SINGLE_ENDED
        SIO HiFreq: LOW
        SIO Hyst: DISABLED
        SIO Vtrip: MULTIPLIER_0_5
        SIO Multiplier Index: 0
        SIO RefSel: VCC_IO
        Required Capabilities: DIGITAL
        Initial Value: 0
        IO Voltage: 0
    PORT MAP (
        pa_out => \UART_GSM:rx(0)\__PA ,
        fb => \UART_GSM:rx_wire\ ,
        pad => \UART_GSM:rx(0)_PAD\ );
    Properties:
    {
    }

[IoId=1]: 
Pin : Name = \UART_GSM:tx(0)\
    Attributes:
        In Group/Port: True
        In Sync Option: NOSYNC
        Out Sync Option: NOSYNC
        Interrupt generated: False
        Interrupt mode: NONE
        Drive mode: CMOS_OUT
        VTrip: CMOS
        Slew: FAST
        Input Sync needed: False
        Output Sync needed: False
        SC shield enabled: False
        POR State: ANY
        LCD Mode: COMMON
        Register Mode: RegComb
        CaSense Mode: NEITHER
        Treat as pin: True
        Is OE Registered: False
        Uses Analog: False
        Can contain Digital: True
        Is SIO: False
        SIO Output Buf: NONREGULATED
        SIO Input Buf: SINGLE_ENDED
        SIO HiFreq: LOW
        SIO Hyst: DISABLED
        SIO Vtrip: MULTIPLIER_0_5
        SIO Multiplier Index: 0
        SIO RefSel: VCC_IO
        Required Capabilities: DIGITAL
        Initial Value: 1
        IO Voltage: 0
    PORT MAP (
        pa_out => \UART_GSM:tx(0)\__PA ,
        pin_input => \UART_GSM:tx_wire\ ,
        pad => \UART_GSM:tx(0)_PAD\ );
    Properties:
    {
    }

Port 6 contains the following IO cells:
[IoId=5]: 
Pin : Name = Led1(0)
    Attributes:
        In Group/Port: True
        In Sync Option: AUTO
        Out Sync Option: NOSYNC
        Interrupt generated: False
        Interrupt mode: NONE
        Drive mode: CMOS_OUT
        VTrip: EITHER
        Slew: FAST
        Input Sync needed: False
        Output Sync needed: False
        SC shield enabled: False
        POR State: ANY
        LCD Mode: COMMON
        Register Mode: RegComb
        CaSense Mode: NEITHER
        Treat as pin: True
        Is OE Registered: False
        Uses Analog: False
        Can contain Digital: True
        Is SIO: False
        SIO Output Buf: NONREGULATED
        SIO Input Buf: SINGLE_ENDED
        SIO HiFreq: LOW
        SIO Hyst: DISABLED
        SIO Vtrip: MULTIPLIER_0_5
        SIO Multiplier Index: 0
        SIO RefSel: VCC_IO
        Required Capabilities: DIGITAL
        Initial Value: 0
        IO Voltage: 0
    PORT MAP (
        pa_out => Led1(0)__PA ,
        pad => Led1(0)_PAD );
    Properties:
    {
    }

Port 7 contains the following IO cells:
ARM group 0: empty
CAN group 0: empty
Clock group 0: 
    Clock Block @ F(Clock,0): 
    m0s8clockblockcell: Name =ClockBlock
        PORT MAP (
            hfclk => ClockBlock_HFCLK ,
            imo => ClockBlock_IMO ,
            ext => ClockBlock_EXTCLK ,
            sysclk => ClockBlock_SYSCLK ,
            ilo => ClockBlock_ILO ,
            lfclk => ClockBlock_LFCLK ,
            wco => ClockBlock_WCO ,
            dsi_in_0 => ClockBlock_Routed1 ,
            ff_div_2 => \I2C_1:Net_847_ff2\ ,
            ff_div_3 => \UART_GSM:Net_847_ff3\ ,
            ff_div_4 => \UART_GPS:Net_847_ff4\ );
        Properties:
        {
        }
LCD group 0: empty
PICU group 0: empty
LPCOMP group 0: empty
SCB group 0: 
    SCB Block @ F(SCB,0): 
    m0s8scbcell: Name =\UART_GPS:SCB\
        PORT MAP (
            clock => \UART_GPS:Net_847_ff4\ ,
            interrupt => Net_230 ,
            uart_rx => \UART_GPS:rx_wire\ ,
            uart_tx => \UART_GPS:tx_wire\ ,
            uart_rts => \UART_GPS:rts_wire\ ,
            mosi_m => \UART_GPS:mosi_m_wire\ ,
            select_m_3 => \UART_GPS:select_m_wire_3\ ,
            select_m_2 => \UART_GPS:select_m_wire_2\ ,
            select_m_1 => \UART_GPS:select_m_wire_1\ ,
            select_m_0 => \UART_GPS:select_m_wire_0\ ,
            sclk_m => \UART_GPS:sclk_m_wire\ ,
            miso_s => \UART_GPS:miso_s_wire\ ,
            tr_tx_req => Net_233 ,
            tr_rx_req => Net_232 );
        Properties:
        {
            cy_registers = ""
            scb_mode = 2
        }
    SCB Block @ F(SCB,1): 
    m0s8scbcell: Name =\I2C_1:SCB\
        PORT MAP (
            clock => \I2C_1:Net_847_ff2\ ,
            interrupt => Net_95 ,
            uart_tx => \I2C_1:tx_wire\ ,
            uart_rts => \I2C_1:rts_wire\ ,
            mosi_m => \I2C_1:mosi_m_wire\ ,
            select_m_3 => \I2C_1:select_m_wire_3\ ,
            select_m_2 => \I2C_1:select_m_wire_2\ ,
            select_m_1 => \I2C_1:select_m_wire_1\ ,
            select_m_0 => \I2C_1:select_m_wire_0\ ,
            sclk_m => \I2C_1:sclk_m_wire\ ,
            miso_s => \I2C_1:miso_s_wire\ ,
            i2c_scl => \I2C_1:scl_wire\ ,
            i2c_sda => \I2C_1:sda_wire\ ,
            tr_tx_req => Net_98 ,
            tr_rx_req => Net_97 );
        Properties:
        {
            cy_registers = ""
            scb_mode = 0
        }
    SCB Block @ F(SCB,2): 
    m0s8scbcell: Name =\UART_GSM:SCB\
        PORT MAP (
            clock => \UART_GSM:Net_847_ff3\ ,
            interrupt => Net_153 ,
            uart_rx => \UART_GSM:rx_wire\ ,
            uart_tx => \UART_GSM:tx_wire\ ,
            uart_rts => \UART_GSM:rts_wire\ ,
            mosi_m => \UART_GSM:mosi_m_wire\ ,
            select_m_3 => \UART_GSM:select_m_wire_3\ ,
            select_m_2 => \UART_GSM:select_m_wire_2\ ,
            select_m_1 => \UART_GSM:select_m_wire_1\ ,
            select_m_0 => \UART_GSM:select_m_wire_0\ ,
            sclk_m => \UART_GSM:sclk_m_wire\ ,
            miso_s => \UART_GSM:miso_s_wire\ ,
            tr_tx_req => Net_156 ,
            tr_rx_req => Net_155 );
        Properties:
        {
            cy_registers = ""
            scb_mode = 2
        }
CSD group 0: empty
CSIDAC8 group 0: empty
CSIDAC7 group 0: empty
TCPWM group 0: empty
OA group 0: empty
TEMP group 0: empty
SARADC group 0: empty
CLK_GEN group 0: 
    M0S8 Clock Gen Block @ F(CLK_GEN,0): 
    m0s8clockgenblockcell: Name =ClockGenBlock
        PORT MAP (
             );
        Properties:
        {
        }
LPCOMPBLOCK group 0: empty
PASSBLOCK group 0: empty
WCO group 0: empty
SRSS group 0: empty
CPUSS group 0: empty
IOSS group 0: empty
</CYPRESSTAG>
<CYPRESSTAG name="Port Configuration Details">

------------------------------------------------------------
Port Configuration report
------------------------------------------------------------
     |     |       | Interrupt |                  |                  | 
Port | Pin | Fixed |      Type |       Drive Mode |             Name | Connections
-----+-----+-------+-----------+------------------+------------------+-----------------------
   0 |   6 |     * |      NONE |         CMOS_OUT |        PWRKEY(0) | 
-----+-----+-------+-----------+------------------+------------------+-----------------------
   1 |   0 |     * |      NONE |     HI_Z_DIGITAL | \UART_GPS:rx(0)\ | FB(\UART_GPS:rx_wire\)
     |   6 |     * |      NONE |         CMOS_OUT |     GPS_RESET(0) | 
     |   7 |     * |      NONE |     HI_Z_DIGITAL |         Pin_1(0) | 
-----+-----+-------+-----------+------------------+------------------+-----------------------
   2 |   0 |     * |      NONE |    OPEN_DRAIN_LO |   \I2C_1:scl(0)\ | FB(\I2C_1:scl_wire\)
     |   1 |     * |      NONE |    OPEN_DRAIN_LO |   \I2C_1:sda(0)\ | FB(\I2C_1:sda_wire\)
-----+-----+-------+-----------+------------------+------------------+-----------------------
   4 |   1 |     * |      NONE |         CMOS_OUT | \UART_GPS:tx(0)\ | In(\UART_GPS:tx_wire\)
-----+-----+-------+-----------+------------------+------------------+-----------------------
   5 |   0 |     * |      NONE |     HI_Z_DIGITAL | \UART_GSM:rx(0)\ | FB(\UART_GSM:rx_wire\)
     |   1 |     * |      NONE |         CMOS_OUT | \UART_GSM:tx(0)\ | In(\UART_GSM:tx_wire\)
-----+-----+-------+-----------+------------------+------------------+-----------------------
   6 |   5 |     * |      NONE |         CMOS_OUT |          Led1(0) | 
---------------------------------------------------------------------------------------------
</CYPRESSTAG>
</CYPRESSTAG>
</CYPRESSTAG>
Digital component placer commit/Report: Elapsed time ==> 0s.018ms
Digital Placement phase: Elapsed time ==> 1s.541ms
</CYPRESSTAG>
<CYPRESSTAG name="Digital Routing">
"C:\Program Files (x86)\Cypress\PSoC Creator\4.1\PSoC Creator\bin/sjrouter.exe" --xml-path "C:\Program Files (x86)\Cypress\PSoC Creator\4.1\PSoC Creator\dev\psoc4/4/route_arch-rrg.cydata" --vh2-path "GPS_kit_r.vh2" --pcf-path "GPS_kit.pco" --des-name "GPS_kit" --dsf-path "GPS_kit.dsf" --sdc-path "GPS_kit.sdc" --lib-path "GPS_kit_r.lib"
Routing successful.
Digital Routing phase: Elapsed time ==> 1s.355ms
</CYPRESSTAG>
<CYPRESSTAG name="Bitstream Generation">
Bitstream Generation phase: Elapsed time ==> 0s.483ms
</CYPRESSTAG>
<CYPRESSTAG name="Bitstream Verification">
Bitstream Verification phase: Elapsed time ==> 0s.067ms
</CYPRESSTAG>
<CYPRESSTAG name="Static timing analysis">
Timing report is in GPS_kit_timing.html.
Static timing analysis phase: Elapsed time ==> 0s.530ms
</CYPRESSTAG>
<CYPRESSTAG name="Data reporting">
Data reporting phase: Elapsed time ==> 0s.000ms
</CYPRESSTAG>
<CYPRESSTAG name="Database update...">
Design database save phase: Elapsed time ==> 0s.158ms
</CYPRESSTAG>
cydsfit: Elapsed time ==> 5s.150ms
</CYPRESSTAG>
Fitter phase: Elapsed time ==> 5s.151ms
API generation phase: Elapsed time ==> 5s.718ms
Dependency generation phase: Elapsed time ==> 0s.091ms
Cleanup phase: Elapsed time ==> 0s.001ms
